# JRE version: OpenJDK Runtime Environment (21.0.1+12) (build 21.0.1+12-29)
# Java VM: OpenJDK 64-Bit Server VM (21.0.1+12-29, mixed mode, emulated-client, sharing, tiered, compressed oops, compressed class ptrs, g1 gc, windows-amd64)
GC Precious Log:
 CardTable entry size: 512
 Card Set container configuration: InlinePtr #cards 4 size 8 Array Of Cards #cards 16 size 48 Howl #buckets 8 coarsen threshold 3686 Howl Bitmap #cards 512 size 80 coarsen threshold 460 Card regions per heap region 1 cards per card region 4096
 CPUs: 8 total, 8 available
 Memory: 16215M
 Large Page Support: Disabled
 NUMA Support: Disabled
 Compressed Oops: Enabled (Zero based)
 Heap Region Size: 2M
 Heap Min Capacity: 8M
 Heap Initial Capacity: 254M
 Heap Max Capacity: 4054M
 Pre-touch: Disabled
 Parallel Workers: 8
 Concurrent Workers: 2
 Concurrent Refinement Workers: 8
 Periodic GC: Disabled
Heap:
 garbage-first heap   total 372736K, used 199887K [0x0000000702a00000, 0x0000000800000000)
  region size 2048K, 7 young (14336K), 7 survivors (14336K)
 Metaspace       used 64349K, committed 65024K, reserved 1114112K
  class space    used 9520K, committed 9856K, reserved 1048576K
GC Heap History (20 events):
Event: 8.494 GC heap after
{Heap after GC invocations=20 (full 0):
 garbage-first heap   total 147456K, used 89046K [0x0000000702a00000, 0x0000000800000000)
  region size 2048K, 4 young (8192K), 4 survivors (8192K)
 Metaspace       used 62614K, committed 63296K, reserved 1114112K
  class space    used 9141K, committed 9472K, reserved 1048576K
}
Event: 8.511 GC heap before
{Heap before GC invocations=20 (full 0):
 garbage-first heap   total 147456K, used 97238K [0x0000000702a00000, 0x0000000800000000)
  region size 2048K, 9 young (18432K), 4 survivors (8192K)
 Metaspace       used 62614K, committed 63296K, reserved 1114112K
  class space    used 9141K, committed 9472K, reserved 1048576K
}
Event: 8.517 GC heap after
{Heap after GC invocations=21 (full 0):
 garbage-first heap   total 147456K, used 94769K [0x0000000702a00000, 0x0000000800000000)
  region size 2048K, 3 young (6144K), 3 survivors (6144K)
 Metaspace       used 62614K, committed 63296K, reserved 1114112K
  class space    used 9141K, committed 9472K, reserved 1048576K
}
Event: 8.586 GC heap before
{Heap before GC invocations=22 (full 0):
 garbage-first heap   total 182272K, used 119345K [0x0000000702a00000, 0x0000000800000000)
  region size 2048K, 16 young (32768K), 3 survivors (6144K)
 Metaspace       used 62614K, committed 63296K, reserved 1114112K
  class space    used 9141K, committed 9472K, reserved 1048576K
}
Event: 8.590 GC heap after
{Heap after GC invocations=23 (full 0):
 garbage-first heap   total 182272K, used 94120K [0x0000000702a00000, 0x0000000800000000)
  region size 2048K, 1 young (2048K), 1 survivors (2048K)
 Metaspace       used 62614K, committed 63296K, reserved 1114112K
  class space    used 9141K, committed 9472K, reserved 1048576K
}
Event: 8.810 GC heap before
{Heap before GC invocations=23 (full 0):
 garbage-first heap   total 182272K, used 147368K [0x0000000702a00000, 0x0000000800000000)
  region size 2048K, 27 young (55296K), 1 survivors (2048K)
 Metaspace       used 64337K, committed 65024K, reserved 1114112K
  class space    used 9520K, committed 9856K, reserved 1048576K
}
Event: 8.816 GC heap after
{Heap after GC invocations=24 (full 0):
 garbage-first heap   total 182272K, used 92284K [0x0000000702a00000, 0x0000000800000000)
  region size 2048K, 4 young (8192K), 4 survivors (8192K)
 Metaspace       used 64337K, committed 65024K, reserved 1114112K
  class space    used 9520K, committed 9856K, reserved 1048576K
}
Event: 8.914 GC heap before
{Heap before GC invocations=24 (full 0):
 garbage-first heap   total 182272K, used 145532K [0x0000000702a00000, 0x0000000800000000)
  region size 2048K, 31 young (63488K), 4 survivors (8192K)
 Metaspace       used 64347K, committed 65024K, reserved 1114112K
  class space    used 9520K, committed 9856K, reserved 1048576K
}
Event: 8.923 GC heap after
{Heap after GC invocations=25 (full 0):
 garbage-first heap   total 372736K, used 106089K [0x0000000702a00000, 0x0000000800000000)
  region size 2048K, 4 young (8192K), 4 survivors (8192K)
 Metaspace       used 64347K, committed 65024K, reserved 1114112K
  class space    used 9520K, committed 9856K, reserved 1048576K
}
Event: 9.257 GC heap before
{Heap before GC invocations=26 (full 0):
 garbage-first heap   total 372736K, used 265833K [0x0000000702a00000, 0x0000000800000000)
  region size 2048K, 82 young (167936K), 4 survivors (8192K)
 Metaspace       used 64348K, committed 65024K, reserved 1114112K
  class space    used 9520K, committed 9856K, reserved 1048576K
}
Event: 9.279 GC heap after
{Heap after GC invocations=27 (full 0):
 garbage-first heap   total 372736K, used 150033K [0x0000000702a00000, 0x0000000800000000)
  region size 2048K, 11 young (22528K), 11 survivors (22528K)
 Metaspace       used 64348K, committed 65024K, reserved 1114112K
  class space    used 9520K, committed 9856K, reserved 1048576K
}
Event: 9.476 GC heap before
{Heap before GC invocations=27 (full 0):
 garbage-first heap   total 372736K, used 254481K [0x0000000702a00000, 0x0000000800000000)
  region size 2048K, 62 young (126976K), 11 survivors (22528K)
 Metaspace       used 64348K, committed 65024K, reserved 1114112K
  class space    used 9520K, committed 9856K, reserved 1048576K
}
Event: 9.503 GC heap after
{Heap after GC invocations=28 (full 0):
 garbage-first heap   total 372736K, used 187392K [0x0000000702a00000, 0x0000000800000000)
  region size 2048K, 8 young (16384K), 8 survivors (16384K)
 Metaspace       used 64348K, committed 65024K, reserved 1114112K
  class space    used 9520K, committed 9856K, reserved 1048576K
}
Event: 9.509 GC heap before
{Heap before GC invocations=28 (full 0):
 garbage-first heap   total 372736K, used 189440K [0x0000000702a00000, 0x0000000800000000)
  region size 2048K, 10 young (20480K), 8 survivors (16384K)
 Metaspace       used 64348K, committed 65024K, reserved 1114112K
  class space    used 9520K, committed 9856K, reserved 1048576K
}
Event: 9.518 GC heap after
{Heap after GC invocations=29 (full 0):
 garbage-first heap   total 372736K, used 194975K [0x0000000702a00000, 0x0000000800000000)
  region size 2048K, 2 young (4096K), 2 survivors (4096K)
 Metaspace       used 64348K, committed 65024K, reserved 1114112K
  class space    used 9520K, committed 9856K, reserved 1048576K
}
Event: 9.700 GC heap before
{Heap before GC invocations=30 (full 0):
 garbage-first heap   total 372736K, used 260511K [0x0000000702a00000, 0x0000000800000000)
  region size 2048K, 44 young (90112K), 2 survivors (4096K)
 Metaspace       used 64348K, committed 65024K, reserved 1114112K
  class space    used 9520K, committed 9856K, reserved 1048576K
}
Event: 9.717 GC heap after
{Heap after GC invocations=31 (full 0):
 garbage-first heap   total 372736K, used 208896K [0x0000000702a00000, 0x0000000800000000)
  region size 2048K, 6 young (12288K), 6 survivors (12288K)
 Metaspace       used 64348K, committed 65024K, reserved 1114112K
  class space    used 9520K, committed 9856K, reserved 1048576K
}
Event: 9.888 GC heap before
{Heap before GC invocations=31 (full 0):
 garbage-first heap   total 372736K, used 294912K [0x0000000702a00000, 0x0000000800000000)
  region size 2048K, 46 young (94208K), 6 survivors (12288K)
 Metaspace       used 64348K, committed 65024K, reserved 1114112K
  class space    used 9520K, committed 9856K, reserved 1048576K
}
Event: 9.907 GC heap after
{Heap after GC invocations=32 (full 0):
 garbage-first heap   total 372736K, used 201829K [0x0000000702a00000, 0x0000000800000000)
  region size 2048K, 6 young (12288K), 6 survivors (12288K)
 Metaspace       used 64348K, committed 65024K, reserved 1114112K
  class space    used 9520K, committed 9856K, reserved 1048576K
}
Event: 10.089 GC heap before
{Heap before GC invocations=32 (full 0):
 garbage-first heap   total 372736K, used 289893K [0x0000000702a00000, 0x0000000800000000)
  region size 2048K, 49 young (100352K), 6 survivors (12288K)
 Metaspace       used 64349K, committed 65024K, reserved 1114112K
  class space    used 9520K, committed 9856K, reserved 1048576K
}

